# JRE version: OpenJDK Runtime Environment (8.0_76-b03) (build 1.8.0_76-release-b03)
# Java VM: OpenJDK 64-Bit Server VM (25.76-b03 mixed mode linux-amd64 compressed oops)
Heap:
 PSYoungGen      total 29184K, used 14790K [0x00000000e0000000, 0x00000000e2800000, 0x0000000100000000)
  eden space 27648K, 49% used [0x00000000e0000000,0x00000000e0d51808,0x00000000e1b00000)
  from space 1536K, 75% used [0x00000000e1b80000,0x00000000e1ca0000,0x00000000e1d00000)
  to   space 6656K, 0% used [0x00000000e2180000,0x00000000e2180000,0x00000000e2800000)
 ParOldGen       total 59392K, used 31077K [0x00000000a0000000, 0x00000000a3a00000, 0x00000000e0000000)
  object space 59392K, 52% used [0x00000000a0000000,0x00000000a1e59588,0x00000000a3a00000)
 Metaspace       used 55648K, capacity 57108K, committed 57216K, reserved 1099776K
  class space    used 7392K, capacity 7728K, committed 7808K, reserved 1048576K
GC Heap History (10 events):
Event: 270.842 GC heap before
{Heap before GC invocations=36 (full 2):
 PSYoungGen      total 34816K, used 34808K [0x00000000e0000000, 0x00000000e2b00000, 0x0000000100000000)
  eden space 29696K, 100% used [0x00000000e0000000,0x00000000e1d00000,0x00000000e1d00000)
  from space 5120K, 99% used [0x00000000e2000000,0x00000000e24fe3f8,0x00000000e2500000)
  to   space 6144K, 0% used [0x00000000e2500000,0x00000000e2500000,0x00000000e2b00000)
 ParOldGen       total 41984K, used 30253K [0x00000000a0000000, 0x00000000a2900000, 0x00000000e0000000)
  object space 41984K, 72% used [0x00000000a0000000,0x00000000a1d8b7b0,0x00000000a2900000)
 Metaspace       used 50487K, capacity 51798K, committed 51968K, reserved 1093632K
  class space    used 6706K, capacity 7049K, committed 7168K, reserved 1048576K
Event: 270.887 GC heap after
Heap after GC invocations=36 (full 2):
 PSYoungGen      total 33792K, used 3504K [0x00000000e0000000, 0x00000000e2980000, 0x0000000100000000)
  eden space 29184K, 0% used [0x00000000e0000000,0x00000000e0000000,0x00000000e1c80000)
  from space 4608K, 76% used [0x00000000e2500000,0x00000000e286c030,0x00000000e2980000)
  to   space 6656K, 0% used [0x00000000e1c80000,0x00000000e1c80000,0x00000000e2300000)
 ParOldGen       total 41984K, used 35109K [0x00000000a0000000, 0x00000000a2900000, 0x00000000e0000000)
  object space 41984K, 83% used [0x00000000a0000000,0x00000000a2249640,0x00000000a2900000)
 Metaspace       used 50487K, capacity 51798K, committed 51968K, reserved 1093632K
  class space    used 6706K, capacity 7049K, committed 7168K, reserved 1048576K
}
Event: 284.257 GC heap before
{Heap before GC invocations=37 (full 2):
 PSYoungGen      total 33792K, used 32688K [0x00000000e0000000, 0x00000000e2980000, 0x0000000100000000)
  eden space 29184K, 100% used [0x00000000e0000000,0x00000000e1c80000,0x00000000e1c80000)
  from space 4608K, 76% used [0x00000000e2500000,0x00000000e286c030,0x00000000e2980000)
  to   space 6656K, 0% used [0x00000000e1c80000,0x00000000e1c80000,0x00000000e2300000)
 ParOldGen       total 41984K, used 35109K [0x00000000a0000000, 0x00000000a2900000, 0x00000000e0000000)
  object space 41984K, 83% used [0x00000000a0000000,0x00000000a2249640,0x00000000a2900000)
 Metaspace       used 50520K, capacity 51798K, committed 51968K, reserved 1093632K
  class space    used 6711K, capacity 7049K, committed 7168K, reserved 1048576K
Event: 284.272 GC heap after
Heap after GC invocations=37 (full 2):
 PSYoungGen      total 35328K, used 736K [0x00000000e0000000, 0x00000000e2a00000, 0x0000000100000000)
  eden space 28672K, 0% used [0x00000000e0000000,0x00000000e0000000,0x00000000e1c00000)
  from space 6656K, 11% used [0x00000000e1c80000,0x00000000e1d38000,0x00000000e2300000)
  to   space 7168K, 0% used [0x00000000e2300000,0x00000000e2300000,0x00000000e2a00000)
 ParOldGen       total 41984K, used 37976K [0x00000000a0000000, 0x00000000a2900000, 0x00000000e0000000)
  object space 41984K, 90% used [0x00000000a0000000,0x00000000a2516040,0x00000000a2900000)
 Metaspace       used 50520K, capacity 51798K, committed 51968K, reserved 1093632K
  class space    used 6711K, capacity 7049K, committed 7168K, reserved 1048576K
}
Event: 284.272 GC heap before
{Heap before GC invocations=38 (full 3):
 PSYoungGen      total 35328K, used 736K [0x00000000e0000000, 0x00000000e2a00000, 0x0000000100000000)
  eden space 28672K, 0% used [0x00000000e0000000,0x00000000e0000000,0x00000000e1c00000)
  from space 6656K, 11% used [0x00000000e1c80000,0x00000000e1d38000,0x00000000e2300000)
  to   space 7168K, 0% used [0x00000000e2300000,0x00000000e2300000,0x00000000e2a00000)
 ParOldGen       total 41984K, used 37976K [0x00000000a0000000, 0x00000000a2900000, 0x00000000e0000000)
  object space 41984K, 90% used [0x00000000a0000000,0x00000000a2516040,0x00000000a2900000)
 Metaspace       used 50520K, capacity 51798K, committed 51968K, reserved 1093632K
  class space    used 6711K, capacity 7049K, committed 7168K, reserved 1048576K
Event: 284.975 GC heap after
Heap after GC invocations=38 (full 3):
 PSYoungGen      total 35328K, used 0K [0x00000000e0000000, 0x00000000e2a00000, 0x0000000100000000)
  eden space 28672K, 0% used [0x00000000e0000000,0x00000000e0000000,0x00000000e1c00000)
  from space 6656K, 0% used [0x00000000e1c80000,0x00000000e1c80000,0x00000000e2300000)
  to   space 7168K, 0% used [0x00000000e2300000,0x00000000e2300000,0x00000000e2a00000)
 ParOldGen       total 59392K, used 31061K [0x00000000a0000000, 0x00000000a3a00000, 0x00000000e0000000)
  object space 59392K, 52% used [0x00000000a0000000,0x00000000a1e55588,0x00000000a3a00000)
 Metaspace       used 50520K, capacity 51798K, committed 51968K, reserved 1093632K
  class space    used 6711K, capacity 7049K, committed 7168K, reserved 1048576K
}
Event: 304.126 GC heap before
{Heap before GC invocations=39 (full 3):
 PSYoungGen      total 35328K, used 28672K [0x00000000e0000000, 0x00000000e2a00000, 0x0000000100000000)
  eden space 28672K, 100% used [0x00000000e0000000,0x00000000e1c00000,0x00000000e1c00000)
  from space 6656K, 0% used [0x00000000e1c80000,0x00000000e1c80000,0x00000000e2300000)
  to   space 7168K, 0% used [0x00000000e2300000,0x00000000e2300000,0x00000000e2a00000)
 ParOldGen       total 59392K, used 31061K [0x00000000a0000000, 0x00000000a3a00000, 0x00000000e0000000)
  object space 59392K, 52% used [0x00000000a0000000,0x00000000a1e55588,0x00000000a3a00000)
 Metaspace       used 51439K, capacity 52786K, committed 53120K, reserved 1095680K
  class space    used 6850K, capacity 7185K, committed 7296K, reserved 1048576K
Event: 304.135 GC heap after
Heap after GC invocations=39 (full 3):
 PSYoungGen      total 33792K, used 1545K [0x00000000e0000000, 0x00000000e2880000, 0x0000000100000000)
  eden space 28160K, 0% used [0x00000000e0000000,0x00000000e0000000,0x00000000e1b80000)
  from space 5632K, 27% used [0x00000000e2300000,0x00000000e2482650,0x00000000e2880000)
  to   space 6656K, 0% used [0x00000000e1b80000,0x00000000e1b80000,0x00000000e2200000)
 ParOldGen       total 59392K, used 31069K [0x00000000a0000000, 0x00000000a3a00000, 0x00000000e0000000)
  object space 59392K, 52% used [0x00000000a0000000,0x00000000a1e57588,0x00000000a3a00000)
 Metaspace       used 51439K, capacity 52786K, committed 53120K, reserved 1095680K
  class space    used 6850K, capacity 7185K, committed 7296K, reserved 1048576K
}
Event: 325.204 GC heap before
{Heap before GC invocations=40 (full 3):
 PSYoungGen      total 33792K, used 29705K [0x00000000e0000000, 0x00000000e2880000, 0x0000000100000000)
  eden space 28160K, 100% used [0x00000000e0000000,0x00000000e1b80000,0x00000000e1b80000)
  from space 5632K, 27% used [0x00000000e2300000,0x00000000e2482650,0x00000000e2880000)
  to   space 6656K, 0% used [0x00000000e1b80000,0x00000000e1b80000,0x00000000e2200000)
 ParOldGen       total 59392K, used 31069K [0x00000000a0000000, 0x00000000a3a00000, 0x00000000e0000000)
  object space 59392K, 52% used [0x00000000a0000000,0x00000000a1e57588,0x00000000a3a00000)
 Metaspace       used 51843K, capacity 53276K, committed 53376K, reserved 1095680K
  class space    used 6906K, capacity 7240K, committed 7296K, reserved 1048576K
Event: 325.212 GC heap after
Heap after GC invocations=40 (full 3):
 PSYoungGen      total 29184K, used 1152K [0x00000000e0000000, 0x00000000e2800000, 0x0000000100000000)
  eden space 27648K, 0% used [0x00000000e0000000,0x00000000e0000000,0x00000000e1b00000)
  from space 1536K, 75% used [0x00000000e1b80000,0x00000000e1ca0000,0x00000000e1d00000)
  to   space 6656K, 0% used [0x00000000e2180000,0x00000000e2180000,0x00000000e2800000)
 ParOldGen       total 59392K, used 31077K [0x00000000a0000000, 0x00000000a3a00000, 0x00000000e0000000)
  object space 59392K, 52% used [0x00000000a0000000,0x00000000a1e59588,0x00000000a3a00000)
 Metaspace       used 51843K, capacity 53276K, committed 53376K, reserved 1095680K
  class space    used 6906K, capacity 7240K, committed 7296K, reserved 1048576K
}

