# JRE version: OpenJDK Runtime Environment (8.0_76-b03) (build 1.8.0_76-release-b03)
# Java VM: OpenJDK 64-Bit Server VM (25.76-b03 mixed mode linux-amd64 compressed oops)
Heap:
 PSYoungGen      total 168448K, used 39815K [0x00000000e0000000, 0x00000000ede80000, 0x0000000100000000)
  eden space 156160K, 25% used [0x00000000e0000000,0x00000000e26e1de0,0x00000000e9880000)
  from space 12288K, 0% used [0x00000000e9880000,0x00000000e9880000,0x00000000ea480000)
  to   space 12288K, 0% used [0x00000000ed280000,0x00000000ed280000,0x00000000ede80000)
 ParOldGen       total 76288K, used 35868K [0x00000000a0000000, 0x00000000a4a80000, 0x00000000e0000000)
  object space 76288K, 47% used [0x00000000a0000000,0x00000000a23072c0,0x00000000a4a80000)
 Metaspace       used 59794K, capacity 61450K, committed 61568K, reserved 1101824K
  class space    used 7882K, capacity 8289K, committed 8320K, reserved 1048576K
GC Heap History (10 events):
Event: 16.727 GC heap before
{Heap before GC invocations=14 (full 2):
 PSYoungGen      total 125440K, used 2907K [0x00000000e0000000, 0x00000000e8680000, 0x0000000100000000)
  eden space 116224K, 0% used [0x00000000e0000000,0x00000000e0000000,0x00000000e7180000)
  from space 9216K, 31% used [0x00000000e7a80000,0x00000000e7d56d88,0x00000000e8380000)
  to   space 9216K, 0% used [0x00000000e7180000,0x00000000e7180000,0x00000000e7a80000)
 ParOldGen       total 31232K, used 13715K [0x00000000a0000000, 0x00000000a1e80000, 0x00000000e0000000)
  object space 31232K, 43% used [0x00000000a0000000,0x00000000a0d64d60,0x00000000a1e80000)
 Metaspace       used 34796K, capacity 35350K, committed 35496K, reserved 1079296K
  class space    used 4667K, capacity 4854K, committed 4864K, reserved 1048576K
Event: 16.949 GC heap after
Heap after GC invocations=14 (full 2):
 PSYoungGen      total 125440K, used 0K [0x00000000e0000000, 0x00000000e8680000, 0x0000000100000000)
  eden space 116224K, 0% used [0x00000000e0000000,0x00000000e0000000,0x00000000e7180000)
  from space 9216K, 0% used [0x00000000e7a80000,0x00000000e7a80000,0x00000000e8380000)
  to   space 9216K, 0% used [0x00000000e7180000,0x00000000e7180000,0x00000000e7a80000)
 ParOldGen       total 46592K, used 16152K [0x00000000a0000000, 0x00000000a2d80000, 0x00000000e0000000)
  object space 46592K, 34% used [0x00000000a0000000,0x00000000a0fc60f8,0x00000000a2d80000)
 Metaspace       used 34796K, capacity 35350K, committed 35496K, reserved 1079296K
  class space    used 4667K, capacity 4854K, committed 4864K, reserved 1048576K
}
Event: 20.953 GC heap before
{Heap before GC invocations=15 (full 2):
 PSYoungGen      total 125440K, used 116224K [0x00000000e0000000, 0x00000000e8680000, 0x0000000100000000)
  eden space 116224K, 100% used [0x00000000e0000000,0x00000000e7180000,0x00000000e7180000)
  from space 9216K, 0% used [0x00000000e7a80000,0x00000000e7a80000,0x00000000e8380000)
  to   space 9216K, 0% used [0x00000000e7180000,0x00000000e7180000,0x00000000e7a80000)
 ParOldGen       total 46592K, used 16152K [0x00000000a0000000, 0x00000000a2d80000, 0x00000000e0000000)
  object space 46592K, 34% used [0x00000000a0000000,0x00000000a0fc60f8,0x00000000a2d80000)
 Metaspace       used 43629K, capacity 44718K, committed 44928K, reserved 1087488K
  class space    used 5894K, capacity 6199K, committed 6272K, reserved 1048576K
Event: 21.015 GC heap after
Heap after GC invocations=15 (full 2):
 PSYoungGen      total 125440K, used 9188K [0x00000000e0000000, 0x00000000eb100000, 0x0000000100000000)
  eden space 116224K, 0% used [0x00000000e0000000,0x00000000e0000000,0x00000000e7180000)
  from space 9216K, 99% used [0x00000000e7180000,0x00000000e7a79168,0x00000000e7a80000)
  to   space 11264K, 0% used [0x00000000ea600000,0x00000000ea600000,0x00000000eb100000)
 ParOldGen       total 46592K, used 17778K [0x00000000a0000000, 0x00000000a2d80000, 0x00000000e0000000)
  object space 46592K, 38% used [0x00000000a0000000,0x00000000a115c8f0,0x00000000a2d80000)
 Metaspace       used 43629K, capacity 44718K, committed 44928K, reserved 1087488K
  class space    used 5894K, capacity 6199K, committed 6272K, reserved 1048576K
}
Event: 28.663 GC heap before
{Heap before GC invocations=16 (full 2):
 PSYoungGen      total 125440K, used 125412K [0x00000000e0000000, 0x00000000eb100000, 0x0000000100000000)
  eden space 116224K, 100% used [0x00000000e0000000,0x00000000e7180000,0x00000000e7180000)
  from space 9216K, 99% used [0x00000000e7180000,0x00000000e7a79168,0x00000000e7a80000)
  to   space 11264K, 0% used [0x00000000ea600000,0x00000000ea600000,0x00000000eb100000)
 ParOldGen       total 46592K, used 17778K [0x00000000a0000000, 0x00000000a2d80000, 0x00000000e0000000)
  object space 46592K, 38% used [0x00000000a0000000,0x00000000a115c8f0,0x00000000a2d80000)
 Metaspace       used 49617K, capacity 50862K, committed 51072K, reserved 1093632K
  class space    used 6649K, capacity 6955K, committed 7040K, reserved 1048576K
Event: 28.768 GC heap after
Heap after GC invocations=16 (full 2):
 PSYoungGen      total 166912K, used 9607K [0x00000000e0000000, 0x00000000eb080000, 0x0000000100000000)
  eden space 156160K, 0% used [0x00000000e0000000,0x00000000e0000000,0x00000000e9880000)
  from space 10752K, 89% used [0x00000000ea600000,0x00000000eaf61cb0,0x00000000eb080000)
  to   space 12288K, 0% used [0x00000000e9880000,0x00000000e9880000,0x00000000ea480000)
 ParOldGen       total 46592K, used 24196K [0x00000000a0000000, 0x00000000a2d80000, 0x00000000e0000000)
  object space 46592K, 51% used [0x00000000a0000000,0x00000000a17a1338,0x00000000a2d80000)
 Metaspace       used 49617K, capacity 50862K, committed 51072K, reserved 1093632K
  class space    used 6649K, capacity 6955K, committed 7040K, reserved 1048576K
}
Event: 47.645 GC heap before
{Heap before GC invocations=17 (full 2):
 PSYoungGen      total 166912K, used 128284K [0x00000000e0000000, 0x00000000eb080000, 0x0000000100000000)
  eden space 156160K, 75% used [0x00000000e0000000,0x00000000e73e5668,0x00000000e9880000)
  from space 10752K, 89% used [0x00000000ea600000,0x00000000eaf61cb0,0x00000000eb080000)
  to   space 12288K, 0% used [0x00000000e9880000,0x00000000e9880000,0x00000000ea480000)
 ParOldGen       total 46592K, used 24196K [0x00000000a0000000, 0x00000000a2d80000, 0x00000000e0000000)
  object space 46592K, 51% used [0x00000000a0000000,0x00000000a17a1338,0x00000000a2d80000)
 Metaspace       used 57415K, capacity 59080K, committed 59160K, reserved 1099776K
  class space    used 7642K, capacity 8058K, committed 8064K, reserved 1048576K
Event: 47.689 GC heap after
Heap after GC invocations=17 (full 2):
 PSYoungGen      total 168448K, used 8106K [0x00000000e0000000, 0x00000000ede80000, 0x0000000100000000)
  eden space 156160K, 0% used [0x00000000e0000000,0x00000000e0000000,0x00000000e9880000)
  from space 12288K, 65% used [0x00000000e9880000,0x00000000ea06a808,0x00000000ea480000)
  to   space 12288K, 0% used [0x00000000ed280000,0x00000000ed280000,0x00000000ede80000)
 ParOldGen       total 46592K, used 30368K [0x00000000a0000000, 0x00000000a2d80000, 0x00000000e0000000)
  object space 46592K, 65% used [0x00000000a0000000,0x00000000a1da83d8,0x00000000a2d80000)
 Metaspace       used 57415K, capacity 59080K, committed 59160K, reserved 1099776K
  class space    used 7642K, capacity 8058K, committed 8064K, reserved 1048576K
}
Event: 47.689 GC heap before
{Heap before GC invocations=18 (full 3):
 PSYoungGen      total 168448K, used 8106K [0x00000000e0000000, 0x00000000ede80000, 0x0000000100000000)
  eden space 156160K, 0% used [0x00000000e0000000,0x00000000e0000000,0x00000000e9880000)
  from space 12288K, 65% used [0x00000000e9880000,0x00000000ea06a808,0x00000000ea480000)
  to   space 12288K, 0% used [0x00000000ed280000,0x00000000ed280000,0x00000000ede80000)
 ParOldGen       total 46592K, used 30368K [0x00000000a0000000, 0x00000000a2d80000, 0x00000000e0000000)
  object space 46592K, 65% used [0x00000000a0000000,0x00000000a1da83d8,0x00000000a2d80000)
 Metaspace       used 57415K, capacity 59080K, committed 59160K, reserved 1099776K
  class space    used 7642K, capacity 8058K, committed 8064K, reserved 1048576K
Event: 48.039 GC heap after
Heap after GC invocations=18 (full 3):
 PSYoungGen      total 168448K, used 0K [0x00000000e0000000, 0x00000000ede80000, 0x0000000100000000)
  eden space 156160K, 0% used [0x00000000e0000000,0x00000000e0000000,0x00000000e9880000)
  from space 12288K, 0% used [0x00000000e9880000,0x00000000e9880000,0x00000000ea480000)
  to   space 12288K, 0% used [0x00000000ed280000,0x00000000ed280000,0x00000000ede80000)
 ParOldGen       total 76288K, used 35868K [0x00000000a0000000, 0x00000000a4a80000, 0x00000000e0000000)
  object space 76288K, 47% used [0x00000000a0000000,0x00000000a23072c0,0x00000000a4a80000)
 Metaspace       used 57413K, capacity 59074K, committed 59160K, reserved 1099776K
  class space    used 7642K, capacity 8057K, committed 8064K, reserved 1048576K
}

